[ 14%] [34m[1mAutomatic MOC and UIC for target image_view[0m
[ 14%] Built target image_view_autogen
[35m[1mConsolidate compiler generated dependencies of target image_view[0m
[ 28%] [32mBuilding CXX object CMakeFiles/image_view.dir/image_view_autogen/mocs_compilation.cpp.o[0m
[ 42%] [32mBuilding CXX object CMakeFiles/image_view.dir/Node.cpp.o[0m
[ 57%] [32mBuilding CXX object CMakeFiles/image_view.dir/ImageView.cpp.o[0m
[ 71%] [32mBuilding CXX object CMakeFiles/image_view.dir/main.cpp.o[0m
[ 85%] [32mBuilding CXX object CMakeFiles/image_view.dir/MainWindow.cpp.o[0m
[100%] [32m[1mLinking CXX executable image_view[0m
[100%] Built target image_view
-- Install configuration: ""
-- Installing: /home/bilac/ros2_ws/src/image_view/install/image_view/lib/image_view/image_view
-- Set runtime path of "/home/bilac/ros2_ws/src/image_view/install/image_view/lib/image_view/image_view" to ""
-- Installing: /home/bilac/ros2_ws/src/image_view/install/image_view/share/ament_index/resource_index/package_run_dependencies/image_view
-- Installing: /home/bilac/ros2_ws/src/image_view/install/image_view/share/ament_index/resource_index/parent_prefix_path/image_view
-- Installing: /home/bilac/ros2_ws/src/image_view/install/image_view/share/image_view/environment/ament_prefix_path.sh
-- Installing: /home/bilac/ros2_ws/src/image_view/install/image_view/share/image_view/environment/ament_prefix_path.dsv
-- Installing: /home/bilac/ros2_ws/src/image_view/install/image_view/share/image_view/environment/path.sh
-- Installing: /home/bilac/ros2_ws/src/image_view/install/image_view/share/image_view/environment/path.dsv
-- Installing: /home/bilac/ros2_ws/src/image_view/install/image_view/share/image_view/local_setup.bash
-- Installing: /home/bilac/ros2_ws/src/image_view/install/image_view/share/image_view/local_setup.sh
-- Installing: /home/bilac/ros2_ws/src/image_view/install/image_view/share/image_view/local_setup.zsh
-- Installing: /home/bilac/ros2_ws/src/image_view/install/image_view/share/image_view/local_setup.dsv
-- Installing: /home/bilac/ros2_ws/src/image_view/install/image_view/share/image_view/package.dsv
-- Installing: /home/bilac/ros2_ws/src/image_view/install/image_view/share/ament_index/resource_index/packages/image_view
-- Installing: /home/bilac/ros2_ws/src/image_view/install/image_view/share/image_view/cmake/image_viewConfig.cmake
-- Installing: /home/bilac/ros2_ws/src/image_view/install/image_view/share/image_view/cmake/image_viewConfig-version.cmake
-- Installing: /home/bilac/ros2_ws/src/image_view/install/image_view/share/image_view/package.xml
