[0.282s] DEBUG:colcon:Command line arguments: ['/usr/bin/colcon', 'build']
[0.282s] DEBUG:colcon:Parsed command line arguments: Namespace(log_base=None, log_level=None, verb_name='build', build_base='build', install_base='install', merge_install=False, symlink_install=False, test_result_base=None, continue_on_error=False, executor='parallel', parallel_workers=16, event_handlers=None, ignore_user_meta=False, metas=['./colcon.meta'], base_paths=['.'], packages_ignore=None, packages_ignore_regex=None, paths=None, packages_up_to=None, packages_up_to_regex=None, packages_above=None, packages_above_and_dependencies=None, packages_above_depth=None, packages_select_by_dep=None, packages_skip_by_dep=None, packages_skip_up_to=None, packages_select_build_failed=False, packages_skip_build_finished=False, packages_select_test_failures=False, packages_skip_test_passed=False, packages_select=None, packages_skip=None, packages_select_regex=None, packages_skip_regex=None, packages_start=None, packages_end=None, allow_overriding=[], cmake_args=None, cmake_target=None, cmake_target_skip_unavailable=False, cmake_clean_cache=False, cmake_clean_first=False, cmake_force_configure=False, ament_cmake_args=None, catkin_cmake_args=None, catkin_skip_building_tests=False, verb_parser=<colcon_defaults.argument_parser.defaults.DefaultArgumentsDecorator object at 0x7f777a994ac0>, verb_extension=<colcon_core.verb.build.BuildVerb object at 0x7f777b1b1930>, main=<bound method BuildVerb.main of <colcon_core.verb.build.BuildVerb object at 0x7f777b1b1930>>)
[0.315s] Level 1:colcon.colcon_core.package_discovery:discover_packages(colcon_meta) check parameters
[0.315s] Level 1:colcon.colcon_core.package_discovery:discover_packages(recursive) check parameters
[0.315s] Level 1:colcon.colcon_core.package_discovery:discover_packages(ignore) check parameters
[0.315s] Level 1:colcon.colcon_core.package_discovery:discover_packages(path) check parameters
[0.315s] Level 1:colcon.colcon_core.package_discovery:discover_packages(colcon_meta) discover
[0.315s] Level 1:colcon.colcon_core.package_discovery:discover_packages(recursive) discover
[0.315s] INFO:colcon.colcon_core.package_discovery:Crawling recursively for packages in '/home/bilac/ros2_ws/src/image_view'
[0.315s] Level 1:colcon.colcon_core.package_identification:_identify(.) by extensions ['ignore', 'ignore_ament_install']
[0.315s] Level 1:colcon.colcon_core.package_identification:_identify(.) by extension 'ignore'
[0.315s] Level 1:colcon.colcon_core.package_identification:_identify(.) by extension 'ignore_ament_install'
[0.315s] Level 1:colcon.colcon_core.package_identification:_identify(.) by extensions ['colcon_pkg']
[0.315s] Level 1:colcon.colcon_core.package_identification:_identify(.) by extension 'colcon_pkg'
[0.315s] Level 1:colcon.colcon_core.package_identification:_identify(.) by extensions ['colcon_meta']
[0.315s] Level 1:colcon.colcon_core.package_identification:_identify(.) by extension 'colcon_meta'
[0.315s] Level 1:colcon.colcon_core.package_identification:_identify(.) by extensions ['ros']
[0.315s] Level 1:colcon.colcon_core.package_identification:_identify(.) by extension 'ros'
[0.328s] DEBUG:colcon.colcon_core.package_identification:Package '.' with type 'ros.ament_cmake' and name 'image_view'
[0.328s] Level 1:colcon.colcon_core.package_discovery:discover_packages(recursive) using defaults
[0.328s] Level 1:colcon.colcon_core.package_discovery:discover_packages(ignore) discover
[0.328s] Level 1:colcon.colcon_core.package_discovery:discover_packages(ignore) using defaults
[0.328s] Level 1:colcon.colcon_core.package_discovery:discover_packages(path) discover
[0.328s] Level 1:colcon.colcon_core.package_discovery:discover_packages(path) using defaults
[0.348s] Level 1:colcon.colcon_core.package_discovery:discover_packages(prefix_path) check parameters
[0.348s] Level 1:colcon.colcon_core.package_discovery:discover_packages(prefix_path) discover
[0.350s] DEBUG:colcon.colcon_installed_package_information.package_discovery:Found 2 installed packages in /home/bilac/ros2_ws/install
[0.352s] DEBUG:colcon.colcon_installed_package_information.package_discovery:Found 277 installed packages in /opt/ros/humble
[0.354s] Level 1:colcon.colcon_core.package_discovery:discover_packages(prefix_path) using defaults
[0.414s] Level 5:colcon.colcon_core.verb:set package 'image_view' build argument 'cmake_args' from command line to 'None'
[0.414s] Level 5:colcon.colcon_core.verb:set package 'image_view' build argument 'cmake_target' from command line to 'None'
[0.414s] Level 5:colcon.colcon_core.verb:set package 'image_view' build argument 'cmake_target_skip_unavailable' from command line to 'False'
[0.415s] Level 5:colcon.colcon_core.verb:set package 'image_view' build argument 'cmake_clean_cache' from command line to 'False'
[0.415s] Level 5:colcon.colcon_core.verb:set package 'image_view' build argument 'cmake_clean_first' from command line to 'False'
[0.415s] Level 5:colcon.colcon_core.verb:set package 'image_view' build argument 'cmake_force_configure' from command line to 'False'
[0.415s] Level 5:colcon.colcon_core.verb:set package 'image_view' build argument 'ament_cmake_args' from command line to 'None'
[0.415s] Level 5:colcon.colcon_core.verb:set package 'image_view' build argument 'catkin_cmake_args' from command line to 'None'
[0.415s] Level 5:colcon.colcon_core.verb:set package 'image_view' build argument 'catkin_skip_building_tests' from command line to 'False'
[0.415s] DEBUG:colcon.colcon_core.verb:Building package 'image_view' with the following arguments: {'ament_cmake_args': None, 'build_base': '/home/bilac/ros2_ws/src/image_view/build/image_view', 'catkin_cmake_args': None, 'catkin_skip_building_tests': False, 'cmake_args': None, 'cmake_clean_cache': False, 'cmake_clean_first': False, 'cmake_force_configure': False, 'cmake_target': None, 'cmake_target_skip_unavailable': False, 'install_base': '/home/bilac/ros2_ws/src/image_view/install/image_view', 'merge_install': False, 'path': '/home/bilac/ros2_ws/src/image_view', 'symlink_install': False, 'test_result_base': None}
[0.415s] INFO:colcon.colcon_core.executor:Executing jobs using 'parallel' executor
[0.419s] DEBUG:colcon.colcon_parallel_executor.executor.parallel:run_until_complete
[0.419s] INFO:colcon.colcon_ros.task.ament_cmake.build:Building ROS package in '/home/bilac/ros2_ws/src/image_view' with build type 'ament_cmake'
[0.420s] INFO:colcon.colcon_cmake.task.cmake.build:Building CMake package in '/home/bilac/ros2_ws/src/image_view'
[0.424s] INFO:colcon.colcon_core.plugin_system:Skipping extension 'colcon_core.shell.bat': Not used on non-Windows systems
[0.424s] INFO:colcon.colcon_core.shell:Skip shell extension 'powershell' for command environment: Not usable outside of PowerShell
[0.424s] DEBUG:colcon.colcon_core.shell:Skip shell extension 'dsv' for command environment
[0.437s] DEBUG:colcon.colcon_core.event_handler.log_command:Invoking command in '/home/bilac/ros2_ws/src/image_view/build/image_view': CMAKE_PREFIX_PATH=${CMAKE_PREFIX_PATH}:/opt/ros/humble /usr/bin/cmake --build /home/bilac/ros2_ws/src/image_view/build/image_view -- -j16 -l16
[2.601s] DEBUG:colcon.colcon_core.event_handler.log_command:Invoked command in '/home/bilac/ros2_ws/src/image_view/build/image_view' returned '0': CMAKE_PREFIX_PATH=${CMAKE_PREFIX_PATH}:/opt/ros/humble /usr/bin/cmake --build /home/bilac/ros2_ws/src/image_view/build/image_view -- -j16 -l16
[2.639s] DEBUG:colcon.colcon_core.event_handler.log_command:Invoking command in '/home/bilac/ros2_ws/src/image_view/build/image_view': CMAKE_PREFIX_PATH=${CMAKE_PREFIX_PATH}:/opt/ros/humble /usr/bin/cmake --install /home/bilac/ros2_ws/src/image_view/build/image_view
[2.652s] Level 1:colcon.colcon_core.environment:create_environment_scripts_only(image_view)
[2.655s] DEBUG:colcon.colcon_core.event_handler.log_command:Invoked command in '/home/bilac/ros2_ws/src/image_view/build/image_view' returned '0': CMAKE_PREFIX_PATH=${CMAKE_PREFIX_PATH}:/opt/ros/humble /usr/bin/cmake --install /home/bilac/ros2_ws/src/image_view/build/image_view
[2.659s] Level 1:colcon.colcon_core.environment:checking '/home/bilac/ros2_ws/src/image_view/install/image_view' for CMake module files
[2.660s] Level 1:colcon.colcon_core.environment:checking '/home/bilac/ros2_ws/src/image_view/install/image_view' for CMake config files
[2.660s] Level 1:colcon.colcon_core.shell:create_environment_hook('image_view', 'cmake_prefix_path')
[2.662s] INFO:colcon.colcon_core.shell:Creating environment hook '/home/bilac/ros2_ws/src/image_view/install/image_view/share/image_view/hook/cmake_prefix_path.ps1'
[2.662s] INFO:colcon.colcon_core.shell:Creating environment descriptor '/home/bilac/ros2_ws/src/image_view/install/image_view/share/image_view/hook/cmake_prefix_path.dsv'
[2.663s] INFO:colcon.colcon_core.shell:Creating environment hook '/home/bilac/ros2_ws/src/image_view/install/image_view/share/image_view/hook/cmake_prefix_path.sh'
[2.664s] Level 1:colcon.colcon_core.environment:checking '/home/bilac/ros2_ws/src/image_view/install/image_view/lib'
[2.664s] Level 1:colcon.colcon_core.environment:checking '/home/bilac/ros2_ws/src/image_view/install/image_view/bin'
[2.664s] Level 1:colcon.colcon_core.environment:checking '/home/bilac/ros2_ws/src/image_view/install/image_view/lib/pkgconfig/image_view.pc'
[2.665s] Level 1:colcon.colcon_core.environment:checking '/home/bilac/ros2_ws/src/image_view/install/image_view/lib/python3.10/site-packages'
[2.665s] Level 1:colcon.colcon_core.environment:checking '/home/bilac/ros2_ws/src/image_view/install/image_view/bin'
[2.667s] INFO:colcon.colcon_core.shell:Creating package script '/home/bilac/ros2_ws/src/image_view/install/image_view/share/image_view/package.ps1'
[2.668s] INFO:colcon.colcon_core.shell:Creating package descriptor '/home/bilac/ros2_ws/src/image_view/install/image_view/share/image_view/package.dsv'
[2.668s] INFO:colcon.colcon_core.shell:Creating package script '/home/bilac/ros2_ws/src/image_view/install/image_view/share/image_view/package.sh'
[2.669s] INFO:colcon.colcon_core.shell:Creating package script '/home/bilac/ros2_ws/src/image_view/install/image_view/share/image_view/package.bash'
[2.670s] INFO:colcon.colcon_core.shell:Creating package script '/home/bilac/ros2_ws/src/image_view/install/image_view/share/image_view/package.zsh'
[2.671s] Level 1:colcon.colcon_core.environment:create_file_with_runtime_dependencies(/home/bilac/ros2_ws/src/image_view/install/image_view/share/colcon-core/packages/image_view)
[2.705s] Level 1:colcon.colcon_core.environment:create_environment_scripts_only(image_view)
[2.707s] Level 1:colcon.colcon_core.environment:checking '/home/bilac/ros2_ws/src/image_view/install/image_view' for CMake module files
[2.707s] Level 1:colcon.colcon_core.environment:checking '/home/bilac/ros2_ws/src/image_view/install/image_view' for CMake config files
[2.708s] Level 1:colcon.colcon_core.shell:create_environment_hook('image_view', 'cmake_prefix_path')
[2.709s] INFO:colcon.colcon_core.shell:Creating environment hook '/home/bilac/ros2_ws/src/image_view/install/image_view/share/image_view/hook/cmake_prefix_path.ps1'
[2.709s] INFO:colcon.colcon_core.shell:Creating environment descriptor '/home/bilac/ros2_ws/src/image_view/install/image_view/share/image_view/hook/cmake_prefix_path.dsv'
[2.710s] INFO:colcon.colcon_core.shell:Creating environment hook '/home/bilac/ros2_ws/src/image_view/install/image_view/share/image_view/hook/cmake_prefix_path.sh'
[2.710s] Level 1:colcon.colcon_core.environment:checking '/home/bilac/ros2_ws/src/image_view/install/image_view/lib'
[2.710s] Level 1:colcon.colcon_core.environment:checking '/home/bilac/ros2_ws/src/image_view/install/image_view/bin'
[2.710s] Level 1:colcon.colcon_core.environment:checking '/home/bilac/ros2_ws/src/image_view/install/image_view/lib/pkgconfig/image_view.pc'
[2.710s] Level 1:colcon.colcon_core.environment:checking '/home/bilac/ros2_ws/src/image_view/install/image_view/lib/python3.10/site-packages'
[2.710s] Level 1:colcon.colcon_core.environment:checking '/home/bilac/ros2_ws/src/image_view/install/image_view/bin'
[2.712s] INFO:colcon.colcon_core.shell:Creating package script '/home/bilac/ros2_ws/src/image_view/install/image_view/share/image_view/package.ps1'
[2.712s] INFO:colcon.colcon_core.shell:Creating package descriptor '/home/bilac/ros2_ws/src/image_view/install/image_view/share/image_view/package.dsv'
[2.713s] INFO:colcon.colcon_core.shell:Creating package script '/home/bilac/ros2_ws/src/image_view/install/image_view/share/image_view/package.sh'
[2.713s] INFO:colcon.colcon_core.shell:Creating package script '/home/bilac/ros2_ws/src/image_view/install/image_view/share/image_view/package.bash'
[2.713s] INFO:colcon.colcon_core.shell:Creating package script '/home/bilac/ros2_ws/src/image_view/install/image_view/share/image_view/package.zsh'
[2.713s] Level 1:colcon.colcon_core.environment:create_file_with_runtime_dependencies(/home/bilac/ros2_ws/src/image_view/install/image_view/share/colcon-core/packages/image_view)
[2.714s] DEBUG:colcon.colcon_parallel_executor.executor.parallel:closing loop
[2.714s] DEBUG:colcon.colcon_parallel_executor.executor.parallel:loop closed
[2.714s] DEBUG:colcon.colcon_parallel_executor.executor.parallel:run_until_complete finished with '0'
[2.714s] DEBUG:colcon.colcon_core.event_reactor:joining thread
[2.724s] INFO:colcon.colcon_core.plugin_system:Skipping extension 'colcon_notification.desktop_notification.terminal_notifier': Not used on non-Darwin systems
[2.724s] INFO:colcon.colcon_core.plugin_system:Skipping extension 'colcon_notification.desktop_notification.win32': Not used on non-Windows systems
[2.724s] INFO:colcon.colcon_notification.desktop_notification:Sending desktop notification using 'notify2'
[2.754s] DEBUG:colcon.colcon_core.event_reactor:joined thread
[2.758s] INFO:colcon.colcon_core.shell:Creating prefix script '/home/bilac/ros2_ws/src/image_view/install/local_setup.ps1'
[2.760s] INFO:colcon.colcon_core.shell:Creating prefix util module '/home/bilac/ros2_ws/src/image_view/install/_local_setup_util_ps1.py'
[2.763s] INFO:colcon.colcon_core.shell:Creating prefix chain script '/home/bilac/ros2_ws/src/image_view/install/setup.ps1'
[2.766s] INFO:colcon.colcon_core.shell:Creating prefix script '/home/bilac/ros2_ws/src/image_view/install/local_setup.sh'
[2.767s] INFO:colcon.colcon_core.shell:Creating prefix util module '/home/bilac/ros2_ws/src/image_view/install/_local_setup_util_sh.py'
[2.767s] INFO:colcon.colcon_core.shell:Creating prefix chain script '/home/bilac/ros2_ws/src/image_view/install/setup.sh'
[2.770s] INFO:colcon.colcon_core.shell:Creating prefix script '/home/bilac/ros2_ws/src/image_view/install/local_setup.bash'
[2.771s] INFO:colcon.colcon_core.shell:Creating prefix chain script '/home/bilac/ros2_ws/src/image_view/install/setup.bash'
[2.773s] INFO:colcon.colcon_core.shell:Creating prefix script '/home/bilac/ros2_ws/src/image_view/install/local_setup.zsh'
[2.774s] INFO:colcon.colcon_core.shell:Creating prefix chain script '/home/bilac/ros2_ws/src/image_view/install/setup.zsh'
